#
# There is insufficient memory for the Java Runtime Environment to continue.
# Native memory allocation (malloc) failed to allocate 1048576 bytes for AllocateHeap
# Possible reasons:
#   The system is out of physical RAM or swap space
#   The process is running with CompressedOops enabled, and the Java Heap may be blocking the growth of the native heap
# Possible solutions:
#   Reduce memory load on the system
#   Increase physical memory or swap space
#   Check if swap backing store is full
#   Decrease Java heap size (-Xmx/-Xms)
#   Decrease number of Java threads
#   Decrease Java thread stack sizes (-Xss)
#   Set larger code cache with -XX:ReservedCodeCacheSize=
#   JVM is running with Unscaled Compressed Oops mode in which the Java heap is
#     placed in the first 4GB address space. The Java Heap base address is the
#     maximum limit for the native heap growth. Please use -XX:HeapBaseMinAddress
#     to set the Java Heap base and to place the Java Heap above 4GB virtual address.
# This output file may be truncated or incomplete.
#
#  Out of Memory Error (memory/allocation.inline.hpp:61), pid=10800, tid=0x0000000000002778
#
# JRE version:  (8.0_251-b08) (build )
# Java VM: Java HotSpot(TM) 64-Bit Server VM (25.251-b08 mixed mode windows-amd64 compressed oops)
# Failed to write core dump. Minidumps are not enabled by default on client versions of Windows
#

---------------  T H R E A D  ---------------

Current thread (0x0000000002c23000):  JavaThread "Unknown thread" [_thread_in_vm, id=10104, stack(0x0000000002b20000,0x0000000002c20000)]

Stack: [0x0000000002b20000,0x0000000002c20000]
[error occurred during error reporting (printing stack bounds), id 0xc0000005]

Native frames: (J=compiled Java code, j=interpreted, Vv=VM code, C=native code)


---------------  P R O C E S S  ---------------

Java Threads: ( => current thread )

Other Threads:

=>0x0000000002c23000 (exited) JavaThread "Unknown thread" [_thread_in_vm, id=10104, stack(0x0000000002b20000,0x0000000002c20000)]

VM state:not at safepoint (normal execution)

VM Mutex/Monitor currently owned by a thread: None

heap address: 0x0000000081000000, size: 2032 MB, Compressed Oops mode: 32-bit
Narrow klass base: 0x0000000000000000, Narrow klass shift: 3
Compressed class space size: 1073741824 Address: 0x0000000100000000

Heap:
 PSYoungGen      total 38400K, used 665K [0x00000000d5b00000, 0x00000000d8580000, 0x0000000100000000)
  eden space 33280K, 2% used [0x00000000d5b00000,0x00000000d5ba6670,0x00000000d7b80000)
  from space 5120K, 0% used [0x00000000d8080000,0x00000000d8080000,0x00000000d8580000)
  to   space 5120K, 0% used [0x00000000d7b80000,0x00000000d7b80000,0x00000000d8080000)
 ParOldGen       total 87552K, used 0K [0x0000000081000000, 0x0000000086580000, 0x00000000d5b00000)
  object space 87552K, 0% used [0x0000000081000000,0x0000000081000000,0x0000000086580000)
 Metaspace       used 752K, capacity 4480K, committed 4480K, reserved 1056768K
  class space    used 76K, capacity 384K, committed 384K, reserved 1048576K

Card table byte_map: [0x00000000120e0000,0x00000000124e0000] byte_map_base: 0x0000000011cd8000

Marking Bits: (ParMarkBitMap*) 0x0000000054c2af90
 Begin Bits: [0x0000000012b90000, 0x0000000014b50000)
 End Bits:   [0x0000000014b50000, 0x0000000016b10000)

Polling page: 0x0000000000d00000

CodeCache: size=245760Kb used=328Kb max_used=328Kb free=245431Kb
 bounds [0x0000000002d20000, 0x0000000002f90000, 0x0000000011d20000]
 total_blobs=58 nmethods=0 adapters=38
 compilation: enabled

Compilation events (0 events):
No events

GC Heap History (0 events):
No events

Deoptimization events (0 events):
No events

Classes redefined (0 events):
No events

Internal exceptions (0 events):
No events

Events (10 events):
Event: 0.031 loading class java/lang/Short
Event: 0.031 loading class java/lang/Short done
Event: 0.031 loading class java/lang/Integer
Event: 0.031 loading class java/lang/Integer done
Event: 0.031 loading class java/lang/Long
Event: 0.031 loading class java/lang/Long done
Event: 0.032 loading class java/lang/NullPointerException
Event: 0.032 loading class java/lang/NullPointerException done
Event: 0.032 loading class java/lang/ArithmeticException
Event: 0.032 loading class java/lang/ArithmeticException done


Dynamic libraries:
0x00007ff7dba40000 - 0x00007ff7dba77000 	C:\Program Files\Java\jre1.8.0_251\bin\javaw.exe
0x00007ffca5f60000 - 0x00007ffca6150000 	C:\WINDOWS\SYSTEM32\ntdll.dll
0x00007ffca40a0000 - 0x00007ffca4152000 	C:\WINDOWS\System32\KERNEL32.DLL
0x00007ffca3110000 - 0x00007ffca33b4000 	C:\WINDOWS\System32\KERNELBASE.dll
0x00007ffca5070000 - 0x00007ffca5113000 	C:\WINDOWS\System32\ADVAPI32.dll
0x00007ffca4de0000 - 0x00007ffca4e7e000 	C:\WINDOWS\System32\msvcrt.dll
0x00007ffca5870000 - 0x00007ffca5907000 	C:\WINDOWS\System32\sechost.dll
0x00007ffca5590000 - 0x00007ffca56b0000 	C:\WINDOWS\System32\RPCRT4.dll
0x00007ffca4850000 - 0x00007ffca49e4000 	C:\WINDOWS\System32\USER32.dll
0x00007ffca3710000 - 0x00007ffca3731000 	C:\WINDOWS\System32\win32u.dll
0x00007ffca5840000 - 0x00007ffca5866000 	C:\WINDOWS\System32\GDI32.dll
0x00007ffca3570000 - 0x00007ffca3705000 	C:\WINDOWS\System32\gdi32full.dll
0x00007ffca2ef0000 - 0x00007ffca2f8e000 	C:\WINDOWS\System32\msvcp_win.dll
0x00007ffca33c0000 - 0x00007ffca34ba000 	C:\WINDOWS\System32\ucrtbase.dll
0x00007ffc8de80000 - 0x00007ffc8e104000 	C:\WINDOWS\WinSxS\amd64_microsoft.windows.common-controls_6595b64144ccf1df_6.0.18362.900_none_e6beb9d913147d17\COMCTL32.dll
0x00007ffca5920000 - 0x00007ffca5c55000 	C:\WINDOWS\System32\combase.dll
0x00007ffca2fc0000 - 0x00007ffca3040000 	C:\WINDOWS\System32\bcryptPrimitives.dll
0x00007ffca4070000 - 0x00007ffca409e000 	C:\WINDOWS\System32\IMM32.DLL
0x0000000054240000 - 0x0000000054312000 	C:\Program Files\Java\jre1.8.0_251\bin\msvcr100.dll
0x0000000054400000 - 0x0000000054cab000 	C:\Program Files\Java\jre1.8.0_251\bin\server\jvm.dll
0x00007ffca5910000 - 0x00007ffca5918000 	C:\WINDOWS\System32\PSAPI.DLL
0x00007ffc910c0000 - 0x00007ffc910c9000 	C:\WINDOWS\SYSTEM32\WSOCK32.dll
0x00007ffca0dd0000 - 0x00007ffca0df4000 	C:\WINDOWS\SYSTEM32\WINMM.dll
0x00007ffca5c60000 - 0x00007ffca5ccf000 	C:\WINDOWS\System32\WS2_32.dll
0x00007ffca0a30000 - 0x00007ffca0a5d000 	C:\WINDOWS\SYSTEM32\winmmbase.dll
0x00007ffc972c0000 - 0x00007ffc972ca000 	C:\WINDOWS\SYSTEM32\VERSION.dll
0x00007ffca3040000 - 0x00007ffca308a000 	C:\WINDOWS\System32\cfgmgr32.dll
0x00007ffc9ed00000 - 0x00007ffc9ed0f000 	C:\Program Files\Java\jre1.8.0_251\bin\verify.dll
0x00007ffc8ce30000 - 0x00007ffc8ce59000 	C:\Program Files\Java\jre1.8.0_251\bin\java.dll
0x00007ffc99940000 - 0x00007ffc99956000 	C:\Program Files\Java\jre1.8.0_251\bin\zip.dll

VM Arguments:
jvm_args: -Dfile.encoding=Cp1252 
java_command: com.hibernate.hql.Application
java_class_path (initial): C:\Users\AkhileshPC\JavaEE\1003_Hibernate_hql_3\bin;C:\Users\AkhileshPC\Downloads\hibernatejar\antlr-2.7.7.jar;C:\Users\AkhileshPC\Downloads\hibernatejar\byte-buddy-1.8.12.jar;C:\Users\AkhileshPC\Downloads\hibernatejar\mchange-commons-java-0.2.11.jar;C:\Users\AkhileshPC\Downloads\hibernatejar\c3p0-0.9.5.2.jar;C:\Users\AkhileshPC\Downloads\hibernatejar\classmate-1.3.4.jar;C:\Users\AkhileshPC\Downloads\hibernatejar\dom4j-1.6.1.jar;C:\Users\AkhileshPC\Downloads\hibernatejar\geolatte-geom-1.3.0.jar;C:\Users\AkhileshPC\Downloads\hibernatejar\hibernate-c3p0-5.3.1.Final.jar;C:\Users\AkhileshPC\Downloads\hibernatejar\hibernate-commons-annotations-5.0.3.Final.jar;C:\Users\AkhileshPC\Downloads\hibernatejar\hibernate-core-5.3.1.Final.jar;C:\Users\AkhileshPC\Downloads\hibernatejar\hibernate-envers-5.3.1.Final.jar;C:\Users\AkhileshPC\Downloads\hibernatejar\hibernate-jpamodelgen-5.3.1.Final.jar;C:\Users\AkhileshPC\Downloads\hibernatejar\hibernate-osgi-5.3.1.Final.jar;C:\Users\AkhileshPC\Downloads\hibernatejar\hibernate-proxool-5.3.1.Final.jar;C:\Users\AkhileshPC\Downloads\hibernatejar\hibernate-spatial-5.3.1.Final.jar;C:\Users\AkhileshPC\Downloads\hibernatejar\jandex-2.0.3.Final.jar;C:\Users\AkhileshPC\Downloads\hibernatejar\javassist-3.22.0-GA.jar;C:\Users\AkhileshPC\Downloads\hibernatejar\javax.interceptor-api-1.2.jar;C:\Users\AkhileshPC\Downloads\hibernatejar\javax.persistence-api-2.2.jar;C:\Users\AkhileshPC\Downloads\hibernatejar\jboss-logging-3.3.2.Final.jar;C:\Users\AkhileshPC\Downloads\hibernatejar\jboss-transaction-api_1.2_spec-1.1.1.Final.jar;C:\Users\AkhileshPC\Downloads\hibernatejar\jts-core-1.14.0.jar;C:\Users\AkhileshPC\Downloads\hibernatejar\ojdbc6.jar;C:\Users\AkhileshPC\Downloads\hibernatejar\org.osgi.compendium-4.3.1.jar;C:\Users\AkhileshPC\Downloads\hibernatejar\org.osgi.core-4.3.1.jar;C:\Users\AkhileshPC\Downloads\hibernatejar\postgresql-42.2.2.jar;C:\Users\AkhileshPC\Downloads\hibernatejar\proxool-0.8.3.jar;C:\Users\AkhileshPC\Down
Launcher Type: SUN_STANDARD

Environment Variables:
CLASSPATH=C:\Program Files\Java\jre1.8.0_191\lib\ext\ojdbc14.jar;.;
PATH=C:/Program Files/Java/jre1.8.0_251/bin/server;C:/Program Files/Java/jre1.8.0_251/bin;C:/Program Files/Java/jre1.8.0_251/lib/amd64;C:\Program Files (x86)\Common Files\Oracle\Java\javapath;C:\Program Files\Apache Software Foundation\Tomcat 9.0\lib;C:\Program Files\Apache Software Foundation\Tomcat 9.0\bin;C:\WINDOWS\system32;C:\WINDOWS;C:\WINDOWS\System32\Wbem;C:\WINDOWS\System32\WindowsPowerShell\v1.0\;C:\WINDOWS\System32\OpenSSH\;C:\Program Files\Git\cmd;C:\Program Files\Notepad++;C:\Program Files\apache-maven-3.6.3\bin;C:\Users\AkhileshPC\Downloads\Software Installed\glassfish5\bin;C:\Program Files\Java\jdk-11.0.1\bin;C:\Users\AkhileshPC\AppData\Local\Microsoft\WindowsApps;C:\Program Files\apache-maven-3.6.3\bin;;C:\Users\AkhileshPC\Downloads\eclipse;
USERNAME=AkhileshPC
OS=Windows_NT
PROCESSOR_IDENTIFIER=Intel64 Family 6 Model 42 Stepping 7, GenuineIntel



---------------  S Y S T E M  ---------------

OS: Windows 10.0 , 64 bit Build 18362 (10.0.18362.900)

CPU:total 4 (initial active 4) (2 cores per cpu, 2 threads per core) family 6 model 42 stepping 7, cmov, cx8, fxsr, mmx, sse, sse2, sse3, ssse3, sse4.1, sse4.2, popcnt, avx, aes, clmul, ht, tsc, tscinvbit

Memory: 4k page, physical 8321388k(1653580k free), swap 26756328k(6100k free)

vm_info: Java HotSpot(TM) 64-Bit Server VM (25.251-b08) for windows-amd64 JRE (1.8.0_251-b08), built on Mar 12 2020 06:31:49 by "" with MS VC++ 10.0 (VS2010)

time: Tue Jun 30 20:10:23 2020
timezone: India Standard Time
elapsed time: 0 seconds (0d 0h 0m 0s)

